<?xml version="1.0" encoding="UTF-8"?>
<!-- Generated by org.testng.reporters.JUnitReportReporter -->
<testsuite hostname="auc" name="com.ngs.test.TestNGExampleTest" tests="2" failures="0" timestamp="29 Aug 2017 04:26:33 GMT" time="0.007" errors="0">
  <testcase name="testPrintMessage" time="0.007" classname="com.ngs.test.TestNGExampleTest"/>
  <testcase name="testPrintMessage" time="0.000" classname="com.ngs.test.TestNGExampleTest"/>
</testsuite> <!-- com.ngs.test.TestNGExampleTest -->
